2023-05-31T02:37:42+00:00 CRITICAL Uncaught Error: Object of class WP_REST_Request could not be converted to string in /var/www/html/wp-local/wp-content/plugins/first-plugin/first-plugin.php:124
Stack trace:
#0 /var/www/html/wp-local/wp-includes/rest-api/class-wp-rest-server.php(1181): list_product()
#1 /var/www/html/wp-local/wp-includes/rest-api/class-wp-rest-server.php(1028): WP_REST_Server->respond_to_request()
#2 /var/www/html/wp-local/wp-includes/rest-api/class-wp-rest-server.php(442): WP_REST_Server->dispatch()
#3 /var/www/html/wp-local/wp-includes/rest-api.php(410): WP_REST_Server->serve_request()
#4 /var/www/html/wp-local/wp-includes/class-wp-hook.php(308): rest_api_loaded()
#5 /var/www/html/wp-local/wp-includes/class-wp-hook.php(332): WP_Hook->apply_filters()
#6 /var/www/html/wp-local/wp-includes/plugin.php(565): WP_Hook->do_action()
#7 /var/www/html/wp-local/wp-includes/class-wp.php(399): do_action_ref_array()
#8 /var/www/html/wp-local/wp-includes/class-wp.php(780): WP->parse_request()
#9 /var/www/html/wp-local/wp-includes/functions.php(1334): WP->main()
#10 /var/www/html/wp-local/wp-blog-header.php(16): wp()
#11 /var/www/html/wp-local/index.php(17): require('...')
#12 {main}
  thrown in /var/www/html/wp-local/wp-content/plugins/first-plugin/first-plugin.php on line 124

2023-05-31T03:20:37+00:00 CRITICAL Uncaught TypeError: ftp_fget(): Argument #1 ($ftp) must be of type resource, null given in /var/www/html/wp-local/wp-admin/includes/class-wp-filesystem-ftpext.php:146
Stack trace:
#0 /var/www/html/wp-local/wp-admin/includes/class-wp-filesystem-ftpext.php(146): ftp_fget()
#1 /var/www/html/wp-local/wp-content/themes/shopping-cart-woocommerce/inc/about-theme.php(160): WP_Filesystem_FTPext->get_contents()
#2 /var/www/html/wp-local/wp-content/themes/shopping-cart-woocommerce/inc/about-theme.php(98): shopping_cart_woocommerce_changelog_screen()
#3 /var/www/html/wp-local/wp-includes/class-wp-hook.php(308): shopping_cart_woocommerce_about_display()
#4 /var/www/html/wp-local/wp-includes/class-wp-hook.php(332): WP_Hook->apply_filters()
#5 /var/www/html/wp-local/wp-includes/plugin.php(517): WP_Hook->do_action()
#6 /var/www/html/wp-local/wp-admin/admin.php(259): do_action()
#7 /var/www/html/wp-local/wp-admin/themes.php(10): require_once('...')
#8 {main}
  thrown in /var/www/html/wp-local/wp-admin/includes/class-wp-filesystem-ftpext.php on line 146

